<?xml version="1.0" encoding="UTF-8"?>
<testsuite xmlns:xsi="http://www.w3.org/2001/XMLSchema-instance" xsi:noNamespaceSchemaLocation="https://maven.apache.org/surefire/maven-surefire-plugin/xsd/surefire-test-report.xsd" name="io.daocloud.prometheustestdemo.controller.HelloControllerTest" time="2.793" tests="3" errors="0" skipped="0" failures="0">
  <properties>
[...]
</properties>
  <testcase name="testRateLimiting" classname="io.daocloud.prometheustestdemo.controller.HelloControllerTest" time="0.313"/>
  <testcase name="testHealthEndpoint" classname="io.daocloud.prometheustestdemo.controller.HelloControllerTest" time="0.03"/>
  <testcase name="testHelloEndpoint" classname="io.daocloud.prometheustestdemo.controller.HelloControllerTest" time="0.003"/>
</testsuite>